[0629/130726.731:ERROR:cache_util_win.cc(20)] Unable to move the cache: Access is denied. (0x5)
[0629/130726.731:ERROR:cache_util.cc(146)] Unable to move cache folder E:\Ahmed All\Ahmed Programing\Clients\Amin Elgazy\Code\server\.wwebjs_auth\session\Default\GPUCache to E:\Ahmed All\Ahmed Programing\Clients\Amin Elgazy\Code\server\.wwebjs_auth\session\Default\old_GPUCache_000
[0629/130726.731:ERROR:disk_cache.cc(192)] Unable to create cache
[0629/130726.731:ERROR:shader_disk_cache.cc(612)] Shader Cache Creation failed: -2
[0629/130727.261:INFO:CONSOLE(133)] "Event handler of 'x-storagemutated-1' event must be added on the initial evaluation of worker script.", source: https://static.whatsapp.net/rsrc.php/v3/yE/r/hC-fuOJUExz.js?_nc_x=Ij3Wp8lg5Kz (133)
[0629/130727.353:INFO:CONSOLE(0)] "Error with Permissions-Policy header: Feature xr-spatial-tracking's parameters are ignored.", source:  (0)
[0629/130727.354:INFO:CONSOLE(0)] "Error with Permissions-Policy header: Origin trial controlled feature not enabled: 'attribution-reporting'.", source:  (0)
[0629/130727.354:INFO:CONSOLE(0)] "Error with Permissions-Policy header: Unrecognized feature: 'battery'.", source:  (0)
[0629/130727.354:INFO:CONSOLE(0)] "Error with Permissions-Policy header: Unrecognized feature: 'bluetooth'.", source:  (0)
[0629/130727.354:INFO:CONSOLE(0)] "Error with Permissions-Policy header: Unrecognized feature: 'ch-save-data'.", source:  (0)
[0629/130727.354:INFO:CONSOLE(0)] "Error with Permissions-Policy header: Origin trial controlled feature not enabled: 'ch-viewport-height'.", source:  (0)
[0629/130727.354:INFO:CONSOLE(0)] "Error with Permissions-Policy header: Unrecognized feature: 'compute-pressure'.", source:  (0)
[0629/130727.354:INFO:CONSOLE(0)] "Error with Permissions-Policy header: Unrecognized feature: 'gamepad'.", source:  (0)
[0629/130727.354:INFO:CONSOLE(0)] "Error with Permissions-Policy header: Unrecognized feature: 'interest-cohort'.", source:  (0)
[0629/130727.354:INFO:CONSOLE(0)] "Error with Permissions-Policy header: Unrecognized feature: 'local-fonts'.", source:  (0)
[0629/130727.354:INFO:CONSOLE(0)] "Error with Permissions-Policy header: Unrecognized feature: 'private-state-token-issuance'.", source:  (0)
[0629/130727.354:INFO:CONSOLE(0)] "Error with Permissions-Policy header: Unrecognized feature: 'shared-storage'.", source:  (0)
[0629/130727.354:INFO:CONSOLE(0)] "Error with Permissions-Policy header: Unrecognized feature: 'shared-storage-select-url'.", source:  (0)
[0629/130727.354:INFO:CONSOLE(0)] "Error with Permissions-Policy header: Unrecognized feature: 'private-state-token-redemption'.", source:  (0)
[0629/130727.354:INFO:CONSOLE(0)] "Error with Permissions-Policy header: Unrecognized feature: 'usb-unrestricted'.", source:  (0)
[0629/130727.354:INFO:CONSOLE(0)] "Error with Permissions-Policy header: Unrecognized feature: 'unload'.", source:  (0)
[0629/130727.354:INFO:CONSOLE(0)] "Error with Permissions-Policy header: Unrecognized feature: 'window-management'.", source:  (0)
[0629/130728.844:ERROR:cache_util_win.cc(20)] Unable to move the cache: Access is denied. (0x5)
[0629/130728.844:ERROR:cache_util.cc(146)] Unable to move cache folder E:\Ahmed All\Ahmed Programing\Clients\Amin Elgazy\Code\server\.wwebjs_auth\session\Default\Cache\Cache_Data to E:\Ahmed All\Ahmed Programing\Clients\Amin Elgazy\Code\server\.wwebjs_auth\session\Default\Cache\old_Cache_Data_000
[0629/130728.844:ERROR:disk_cache.cc(192)] Unable to create cache
[0629/130729.104:ERROR:cache_util_win.cc(20)] Unable to move the cache: Access is denied. (0x5)
[0629/130729.105:ERROR:cache_util.cc(146)] Unable to move cache folder E:\Ahmed All\Ahmed Programing\Clients\Amin Elgazy\Code\server\.wwebjs_auth\session\Default\GPUCache to E:\Ahmed All\Ahmed Programing\Clients\Amin Elgazy\Code\server\.wwebjs_auth\session\Default\old_GPUCache_000
[0629/130729.105:ERROR:disk_cache.cc(192)] Unable to create cache
[0629/130729.105:ERROR:shader_disk_cache.cc(612)] Shader Cache Creation failed: -2
[0629/130729.340:INFO:CONSOLE(0)] "Error with Permissions-Policy header: Feature xr-spatial-tracking's parameters are ignored.", source:  (0)
[0629/130729.340:INFO:CONSOLE(0)] "Error with Permissions-Policy header: Origin trial controlled feature not enabled: 'attribution-reporting'.", source:  (0)
[0629/130729.341:INFO:CONSOLE(0)] "Error with Permissions-Policy header: Unrecognized feature: 'battery'.", source:  (0)
[0629/130729.341:INFO:CONSOLE(0)] "Error with Permissions-Policy header: Unrecognized feature: 'bluetooth'.", source:  (0)
[0629/130729.341:INFO:CONSOLE(0)] "Error with Permissions-Policy header: Unrecognized feature: 'ch-save-data'.", source:  (0)
[0629/130729.341:INFO:CONSOLE(0)] "Error with Permissions-Policy header: Origin trial controlled feature not enabled: 'ch-viewport-height'.", source:  (0)
[0629/130729.341:INFO:CONSOLE(0)] "Error with Permissions-Policy header: Unrecognized feature: 'compute-pressure'.", source:  (0)
[0629/130729.341:INFO:CONSOLE(0)] "Error with Permissions-Policy header: Unrecognized feature: 'gamepad'.", source:  (0)
[0629/130729.341:INFO:CONSOLE(0)] "Error with Permissions-Policy header: Unrecognized feature: 'interest-cohort'.", source:  (0)
[0629/130729.341:INFO:CONSOLE(0)] "Error with Permissions-Policy header: Unrecognized feature: 'local-fonts'.", source:  (0)
[0629/130729.341:INFO:CONSOLE(0)] "Error with Permissions-Policy header: Unrecognized feature: 'private-state-token-issuance'.", source:  (0)
[0629/130729.341:INFO:CONSOLE(0)] "Error with Permissions-Policy header: Unrecognized feature: 'shared-storage'.", source:  (0)
[0629/130729.341:INFO:CONSOLE(0)] "Error with Permissions-Policy header: Unrecognized feature: 'shared-storage-select-url'.", source:  (0)
[0629/130729.341:INFO:CONSOLE(0)] "Error with Permissions-Policy header: Unrecognized feature: 'private-state-token-redemption'.", source:  (0)
[0629/130729.341:INFO:CONSOLE(0)] "Error with Permissions-Policy header: Unrecognized feature: 'usb-unrestricted'.", source:  (0)
[0629/130729.341:INFO:CONSOLE(0)] "Error with Permissions-Policy header: Unrecognized feature: 'unload'.", source:  (0)
[0629/130729.341:INFO:CONSOLE(0)] "Error with Permissions-Policy header: Unrecognized feature: 'window-management'.", source:  (0)
[0629/130729.725:ERROR:service_worker_storage.cc(1904)] Failed to delete the database: Database IO error
[0629/130735.624:ERROR:leveldb_factory.cc(88)] Failed to open LevelDB database from E:\Ahmed All\Ahmed Programing\Clients\Amin Elgazy\Code\server\.wwebjs_auth\session\Default\IndexedDB\https_web.whatsapp.com_0.indexeddb.leveldb,IO error: E:\Ahmed All\Ahmed Programing\Clients\Amin Elgazy\Code\server\.wwebjs_auth\session\Default\IndexedDB\https_web.whatsapp.com_0.indexeddb.leveldb/LOCK: File currently in use. (ChromeMethodBFE: 15::LockFile::2)
[0629/130737.647:ERROR:leveldb_factory.cc(88)] Failed to open LevelDB database from E:\Ahmed All\Ahmed Programing\Clients\Amin Elgazy\Code\server\.wwebjs_auth\session\Default\IndexedDB\https_web.whatsapp.com_0.indexeddb.leveldb,IO error: E:\Ahmed All\Ahmed Programing\Clients\Amin Elgazy\Code\server\.wwebjs_auth\session\Default\IndexedDB\https_web.whatsapp.com_0.indexeddb.leveldb/LOCK: File currently in use. (ChromeMethodBFE: 15::LockFile::2)
[0629/130739.658:ERROR:leveldb_factory.cc(88)] Failed to open LevelDB database from E:\Ahmed All\Ahmed Programing\Clients\Amin Elgazy\Code\server\.wwebjs_auth\session\Default\IndexedDB\https_web.whatsapp.com_0.indexeddb.leveldb,IO error: E:\Ahmed All\Ahmed Programing\Clients\Amin Elgazy\Code\server\.wwebjs_auth\session\Default\IndexedDB\https_web.whatsapp.com_0.indexeddb.leveldb/LOCK: File currently in use. (ChromeMethodBFE: 15::LockFile::2)
[0629/130741.669:ERROR:leveldb_factory.cc(88)] Failed to open LevelDB database from E:\Ahmed All\Ahmed Programing\Clients\Amin Elgazy\Code\server\.wwebjs_auth\session\Default\IndexedDB\https_web.whatsapp.com_0.indexeddb.leveldb,IO error: E:\Ahmed All\Ahmed Programing\Clients\Amin Elgazy\Code\server\.wwebjs_auth\session\Default\IndexedDB\https_web.whatsapp.com_0.indexeddb.leveldb/LOCK: File currently in use. (ChromeMethodBFE: 15::LockFile::2)
[0629/130743.699:ERROR:leveldb_factory.cc(88)] Failed to open LevelDB database from E:\Ahmed All\Ahmed Programing\Clients\Amin Elgazy\Code\server\.wwebjs_auth\session\Default\IndexedDB\https_web.whatsapp.com_0.indexeddb.leveldb,IO error: E:\Ahmed All\Ahmed Programing\Clients\Amin Elgazy\Code\server\.wwebjs_auth\session\Default\IndexedDB\https_web.whatsapp.com_0.indexeddb.leveldb/LOCK: File currently in use. (ChromeMethodBFE: 15::LockFile::2)
[0629/130745.718:ERROR:leveldb_factory.cc(88)] Failed to open LevelDB database from E:\Ahmed All\Ahmed Programing\Clients\Amin Elgazy\Code\server\.wwebjs_auth\session\Default\IndexedDB\https_web.whatsapp.com_0.indexeddb.leveldb,IO error: E:\Ahmed All\Ahmed Programing\Clients\Amin Elgazy\Code\server\.wwebjs_auth\session\Default\IndexedDB\https_web.whatsapp.com_0.indexeddb.leveldb/LOCK: File currently in use. (ChromeMethodBFE: 15::LockFile::2)
[0629/130747.741:ERROR:leveldb_factory.cc(88)] Failed to open LevelDB database from E:\Ahmed All\Ahmed Programing\Clients\Amin Elgazy\Code\server\.wwebjs_auth\session\Default\IndexedDB\https_web.whatsapp.com_0.indexeddb.leveldb,IO error: E:\Ahmed All\Ahmed Programing\Clients\Amin Elgazy\Code\server\.wwebjs_auth\session\Default\IndexedDB\https_web.whatsapp.com_0.indexeddb.leveldb/LOCK: File currently in use. (ChromeMethodBFE: 15::LockFile::2)
[0629/130749.758:ERROR:leveldb_factory.cc(88)] Failed to open LevelDB database from E:\Ahmed All\Ahmed Programing\Clients\Amin Elgazy\Code\server\.wwebjs_auth\session\Default\IndexedDB\https_web.whatsapp.com_0.indexeddb.leveldb,IO error: E:\Ahmed All\Ahmed Programing\Clients\Amin Elgazy\Code\server\.wwebjs_auth\session\Default\IndexedDB\https_web.whatsapp.com_0.indexeddb.leveldb/LOCK: File currently in use. (ChromeMethodBFE: 15::LockFile::2)
[0629/130751.775:ERROR:leveldb_factory.cc(88)] Failed to open LevelDB database from E:\Ahmed All\Ahmed Programing\Clients\Amin Elgazy\Code\server\.wwebjs_auth\session\Default\IndexedDB\https_web.whatsapp.com_0.indexeddb.leveldb,IO error: E:\Ahmed All\Ahmed Programing\Clients\Amin Elgazy\Code\server\.wwebjs_auth\session\Default\IndexedDB\https_web.whatsapp.com_0.indexeddb.leveldb/LOCK: File currently in use. (ChromeMethodBFE: 15::LockFile::2)
[0629/130753.802:ERROR:leveldb_factory.cc(88)] Failed to open LevelDB database from E:\Ahmed All\Ahmed Programing\Clients\Amin Elgazy\Code\server\.wwebjs_auth\session\Default\IndexedDB\https_web.whatsapp.com_0.indexeddb.leveldb,IO error: E:\Ahmed All\Ahmed Programing\Clients\Amin Elgazy\Code\server\.wwebjs_auth\session\Default\IndexedDB\https_web.whatsapp.com_0.indexeddb.leveldb/LOCK: File currently in use. (ChromeMethodBFE: 15::LockFile::2)
[0629/130755.823:ERROR:leveldb_factory.cc(88)] Failed to open LevelDB database from E:\Ahmed All\Ahmed Programing\Clients\Amin Elgazy\Code\server\.wwebjs_auth\session\Default\IndexedDB\https_web.whatsapp.com_0.indexeddb.leveldb,IO error: E:\Ahmed All\Ahmed Programing\Clients\Amin Elgazy\Code\server\.wwebjs_auth\session\Default\IndexedDB\https_web.whatsapp.com_0.indexeddb.leveldb/LOCK: File currently in use. (ChromeMethodBFE: 15::LockFile::2)
[0629/130757.840:ERROR:leveldb_factory.cc(88)] Failed to open LevelDB database from E:\Ahmed All\Ahmed Programing\Clients\Amin Elgazy\Code\server\.wwebjs_auth\session\Default\IndexedDB\https_web.whatsapp.com_0.indexeddb.leveldb,IO error: E:\Ahmed All\Ahmed Programing\Clients\Amin Elgazy\Code\server\.wwebjs_auth\session\Default\IndexedDB\https_web.whatsapp.com_0.indexeddb.leveldb/LOCK: File currently in use. (ChromeMethodBFE: 15::LockFile::2)
[0629/130759.867:ERROR:leveldb_factory.cc(88)] Failed to open LevelDB database from E:\Ahmed All\Ahmed Programing\Clients\Amin Elgazy\Code\server\.wwebjs_auth\session\Default\IndexedDB\https_web.whatsapp.com_0.indexeddb.leveldb,IO error: E:\Ahmed All\Ahmed Programing\Clients\Amin Elgazy\Code\server\.wwebjs_auth\session\Default\IndexedDB\https_web.whatsapp.com_0.indexeddb.leveldb/LOCK: File currently in use. (ChromeMethodBFE: 15::LockFile::2)
[0629/130801.893:ERROR:leveldb_factory.cc(88)] Failed to open LevelDB database from E:\Ahmed All\Ahmed Programing\Clients\Amin Elgazy\Code\server\.wwebjs_auth\session\Default\IndexedDB\https_web.whatsapp.com_0.indexeddb.leveldb,IO error: E:\Ahmed All\Ahmed Programing\Clients\Amin Elgazy\Code\server\.wwebjs_auth\session\Default\IndexedDB\https_web.whatsapp.com_0.indexeddb.leveldb/LOCK: File currently in use. (ChromeMethodBFE: 15::LockFile::2)
[0629/130803.912:ERROR:leveldb_factory.cc(88)] Failed to open LevelDB database from E:\Ahmed All\Ahmed Programing\Clients\Amin Elgazy\Code\server\.wwebjs_auth\session\Default\IndexedDB\https_web.whatsapp.com_0.indexeddb.leveldb,IO error: E:\Ahmed All\Ahmed Programing\Clients\Amin Elgazy\Code\server\.wwebjs_auth\session\Default\IndexedDB\https_web.whatsapp.com_0.indexeddb.leveldb/LOCK: File currently in use. (ChromeMethodBFE: 15::LockFile::2)
[0629/130805.935:ERROR:leveldb_factory.cc(88)] Failed to open LevelDB database from E:\Ahmed All\Ahmed Programing\Clients\Amin Elgazy\Code\server\.wwebjs_auth\session\Default\IndexedDB\https_web.whatsapp.com_0.indexeddb.leveldb,IO error: E:\Ahmed All\Ahmed Programing\Clients\Amin Elgazy\Code\server\.wwebjs_auth\session\Default\IndexedDB\https_web.whatsapp.com_0.indexeddb.leveldb/LOCK: File currently in use. (ChromeMethodBFE: 15::LockFile::2)
[0629/130807.964:ERROR:leveldb_factory.cc(88)] Failed to open LevelDB database from E:\Ahmed All\Ahmed Programing\Clients\Amin Elgazy\Code\server\.wwebjs_auth\session\Default\IndexedDB\https_web.whatsapp.com_0.indexeddb.leveldb,IO error: E:\Ahmed All\Ahmed Programing\Clients\Amin Elgazy\Code\server\.wwebjs_auth\session\Default\IndexedDB\https_web.whatsapp.com_0.indexeddb.leveldb/LOCK: File currently in use. (ChromeMethodBFE: 15::LockFile::2)
[0629/130809.985:ERROR:leveldb_factory.cc(88)] Failed to open LevelDB database from E:\Ahmed All\Ahmed Programing\Clients\Amin Elgazy\Code\server\.wwebjs_auth\session\Default\IndexedDB\https_web.whatsapp.com_0.indexeddb.leveldb,IO error: E:\Ahmed All\Ahmed Programing\Clients\Amin Elgazy\Code\server\.wwebjs_auth\session\Default\IndexedDB\https_web.whatsapp.com_0.indexeddb.leveldb/LOCK: File currently in use. (ChromeMethodBFE: 15::LockFile::2)
[0629/130811.996:ERROR:leveldb_factory.cc(88)] Failed to open LevelDB database from E:\Ahmed All\Ahmed Programing\Clients\Amin Elgazy\Code\server\.wwebjs_auth\session\Default\IndexedDB\https_web.whatsapp.com_0.indexeddb.leveldb,IO error: E:\Ahmed All\Ahmed Programing\Clients\Amin Elgazy\Code\server\.wwebjs_auth\session\Default\IndexedDB\https_web.whatsapp.com_0.indexeddb.leveldb/LOCK: File currently in use. (ChromeMethodBFE: 15::LockFile::2)
[0629/130814.014:ERROR:leveldb_factory.cc(88)] Failed to open LevelDB database from E:\Ahmed All\Ahmed Programing\Clients\Amin Elgazy\Code\server\.wwebjs_auth\session\Default\IndexedDB\https_web.whatsapp.com_0.indexeddb.leveldb,IO error: E:\Ahmed All\Ahmed Programing\Clients\Amin Elgazy\Code\server\.wwebjs_auth\session\Default\IndexedDB\https_web.whatsapp.com_0.indexeddb.leveldb/LOCK: File currently in use. (ChromeMethodBFE: 15::LockFile::2)
[0629/130816.021:ERROR:leveldb_factory.cc(88)] Failed to open LevelDB database from E:\Ahmed All\Ahmed Programing\Clients\Amin Elgazy\Code\server\.wwebjs_auth\session\Default\IndexedDB\https_web.whatsapp.com_0.indexeddb.leveldb,IO error: E:\Ahmed All\Ahmed Programing\Clients\Amin Elgazy\Code\server\.wwebjs_auth\session\Default\IndexedDB\https_web.whatsapp.com_0.indexeddb.leveldb/LOCK: File currently in use. (ChromeMethodBFE: 15::LockFile::2)
[0629/130818.037:ERROR:leveldb_factory.cc(88)] Failed to open LevelDB database from E:\Ahmed All\Ahmed Programing\Clients\Amin Elgazy\Code\server\.wwebjs_auth\session\Default\IndexedDB\https_web.whatsapp.com_0.indexeddb.leveldb,IO error: E:\Ahmed All\Ahmed Programing\Clients\Amin Elgazy\Code\server\.wwebjs_auth\session\Default\IndexedDB\https_web.whatsapp.com_0.indexeddb.leveldb/LOCK: File currently in use. (ChromeMethodBFE: 15::LockFile::2)
[0629/130820.069:ERROR:leveldb_factory.cc(88)] Failed to open LevelDB database from E:\Ahmed All\Ahmed Programing\Clients\Amin Elgazy\Code\server\.wwebjs_auth\session\Default\IndexedDB\https_web.whatsapp.com_0.indexeddb.leveldb,IO error: E:\Ahmed All\Ahmed Programing\Clients\Amin Elgazy\Code\server\.wwebjs_auth\session\Default\IndexedDB\https_web.whatsapp.com_0.indexeddb.leveldb/LOCK: File currently in use. (ChromeMethodBFE: 15::LockFile::2)
[0629/130822.090:ERROR:leveldb_factory.cc(88)] Failed to open LevelDB database from E:\Ahmed All\Ahmed Programing\Clients\Amin Elgazy\Code\server\.wwebjs_auth\session\Default\IndexedDB\https_web.whatsapp.com_0.indexeddb.leveldb,IO error: E:\Ahmed All\Ahmed Programing\Clients\Amin Elgazy\Code\server\.wwebjs_auth\session\Default\IndexedDB\https_web.whatsapp.com_0.indexeddb.leveldb/LOCK: File currently in use. (ChromeMethodBFE: 15::LockFile::2)
[0629/130824.105:ERROR:leveldb_factory.cc(88)] Failed to open LevelDB database from E:\Ahmed All\Ahmed Programing\Clients\Amin Elgazy\Code\server\.wwebjs_auth\session\Default\IndexedDB\https_web.whatsapp.com_0.indexeddb.leveldb,IO error: E:\Ahmed All\Ahmed Programing\Clients\Amin Elgazy\Code\server\.wwebjs_auth\session\Default\IndexedDB\https_web.whatsapp.com_0.indexeddb.leveldb/LOCK: File currently in use. (ChromeMethodBFE: 15::LockFile::2)
[0629/130826.113:ERROR:leveldb_factory.cc(88)] Failed to open LevelDB database from E:\Ahmed All\Ahmed Programing\Clients\Amin Elgazy\Code\server\.wwebjs_auth\session\Default\IndexedDB\https_web.whatsapp.com_0.indexeddb.leveldb,IO error: E:\Ahmed All\Ahmed Programing\Clients\Amin Elgazy\Code\server\.wwebjs_auth\session\Default\IndexedDB\https_web.whatsapp.com_0.indexeddb.leveldb/LOCK: File currently in use. (ChromeMethodBFE: 15::LockFile::2)
[0629/130828.140:ERROR:leveldb_factory.cc(88)] Failed to open LevelDB database from E:\Ahmed All\Ahmed Programing\Clients\Amin Elgazy\Code\server\.wwebjs_auth\session\Default\IndexedDB\https_web.whatsapp.com_0.indexeddb.leveldb,IO error: E:\Ahmed All\Ahmed Programing\Clients\Amin Elgazy\Code\server\.wwebjs_auth\session\Default\IndexedDB\https_web.whatsapp.com_0.indexeddb.leveldb/LOCK: File currently in use. (ChromeMethodBFE: 15::LockFile::2)
[0629/130830.168:ERROR:leveldb_factory.cc(88)] Failed to open LevelDB database from E:\Ahmed All\Ahmed Programing\Clients\Amin Elgazy\Code\server\.wwebjs_auth\session\Default\IndexedDB\https_web.whatsapp.com_0.indexeddb.leveldb,IO error: E:\Ahmed All\Ahmed Programing\Clients\Amin Elgazy\Code\server\.wwebjs_auth\session\Default\IndexedDB\https_web.whatsapp.com_0.indexeddb.leveldb/LOCK: File currently in use. (ChromeMethodBFE: 15::LockFile::2)
[0629/130832.200:ERROR:leveldb_factory.cc(88)] Failed to open LevelDB database from E:\Ahmed All\Ahmed Programing\Clients\Amin Elgazy\Code\server\.wwebjs_auth\session\Default\IndexedDB\https_web.whatsapp.com_0.indexeddb.leveldb,IO error: E:\Ahmed All\Ahmed Programing\Clients\Amin Elgazy\Code\server\.wwebjs_auth\session\Default\IndexedDB\https_web.whatsapp.com_0.indexeddb.leveldb/LOCK: File currently in use. (ChromeMethodBFE: 15::LockFile::2)
[0629/130834.223:ERROR:leveldb_factory.cc(88)] Failed to open LevelDB database from E:\Ahmed All\Ahmed Programing\Clients\Amin Elgazy\Code\server\.wwebjs_auth\session\Default\IndexedDB\https_web.whatsapp.com_0.indexeddb.leveldb,IO error: E:\Ahmed All\Ahmed Programing\Clients\Amin Elgazy\Code\server\.wwebjs_auth\session\Default\IndexedDB\https_web.whatsapp.com_0.indexeddb.leveldb/LOCK: File currently in use. (ChromeMethodBFE: 15::LockFile::2)
[0629/130836.243:ERROR:leveldb_factory.cc(88)] Failed to open LevelDB database from E:\Ahmed All\Ahmed Programing\Clients\Amin Elgazy\Code\server\.wwebjs_auth\session\Default\IndexedDB\https_web.whatsapp.com_0.indexeddb.leveldb,IO error: E:\Ahmed All\Ahmed Programing\Clients\Amin Elgazy\Code\server\.wwebjs_auth\session\Default\IndexedDB\https_web.whatsapp.com_0.indexeddb.leveldb/LOCK: File currently in use. (ChromeMethodBFE: 15::LockFile::2)
[0629/130838.254:ERROR:leveldb_factory.cc(88)] Failed to open LevelDB database from E:\Ahmed All\Ahmed Programing\Clients\Amin Elgazy\Code\server\.wwebjs_auth\session\Default\IndexedDB\https_web.whatsapp.com_0.indexeddb.leveldb,IO error: E:\Ahmed All\Ahmed Programing\Clients\Amin Elgazy\Code\server\.wwebjs_auth\session\Default\IndexedDB\https_web.whatsapp.com_0.indexeddb.leveldb/LOCK: File currently in use. (ChromeMethodBFE: 15::LockFile::2)
[0629/130840.283:ERROR:leveldb_factory.cc(88)] Failed to open LevelDB database from E:\Ahmed All\Ahmed Programing\Clients\Amin Elgazy\Code\server\.wwebjs_auth\session\Default\IndexedDB\https_web.whatsapp.com_0.indexeddb.leveldb,IO error: E:\Ahmed All\Ahmed Programing\Clients\Amin Elgazy\Code\server\.wwebjs_auth\session\Default\IndexedDB\https_web.whatsapp.com_0.indexeddb.leveldb/LOCK: File currently in use. (ChromeMethodBFE: 15::LockFile::2)
[0629/130842.307:ERROR:leveldb_factory.cc(88)] Failed to open LevelDB database from E:\Ahmed All\Ahmed Programing\Clients\Amin Elgazy\Code\server\.wwebjs_auth\session\Default\IndexedDB\https_web.whatsapp.com_0.indexeddb.leveldb,IO error: E:\Ahmed All\Ahmed Programing\Clients\Amin Elgazy\Code\server\.wwebjs_auth\session\Default\IndexedDB\https_web.whatsapp.com_0.indexeddb.leveldb/LOCK: File currently in use. (ChromeMethodBFE: 15::LockFile::2)
[0629/130844.317:ERROR:leveldb_factory.cc(88)] Failed to open LevelDB database from E:\Ahmed All\Ahmed Programing\Clients\Amin Elgazy\Code\server\.wwebjs_auth\session\Default\IndexedDB\https_web.whatsapp.com_0.indexeddb.leveldb,IO error: E:\Ahmed All\Ahmed Programing\Clients\Amin Elgazy\Code\server\.wwebjs_auth\session\Default\IndexedDB\https_web.whatsapp.com_0.indexeddb.leveldb/LOCK: File currently in use. (ChromeMethodBFE: 15::LockFile::2)
[0629/130846.343:ERROR:leveldb_factory.cc(88)] Failed to open LevelDB database from E:\Ahmed All\Ahmed Programing\Clients\Amin Elgazy\Code\server\.wwebjs_auth\session\Default\IndexedDB\https_web.whatsapp.com_0.indexeddb.leveldb,IO error: E:\Ahmed All\Ahmed Programing\Clients\Amin Elgazy\Code\server\.wwebjs_auth\session\Default\IndexedDB\https_web.whatsapp.com_0.indexeddb.leveldb/LOCK: File currently in use. (ChromeMethodBFE: 15::LockFile::2)
[0629/130848.362:ERROR:leveldb_factory.cc(88)] Failed to open LevelDB database from E:\Ahmed All\Ahmed Programing\Clients\Amin Elgazy\Code\server\.wwebjs_auth\session\Default\IndexedDB\https_web.whatsapp.com_0.indexeddb.leveldb,IO error: E:\Ahmed All\Ahmed Programing\Clients\Amin Elgazy\Code\server\.wwebjs_auth\session\Default\IndexedDB\https_web.whatsapp.com_0.indexeddb.leveldb/LOCK: File currently in use. (ChromeMethodBFE: 15::LockFile::2)
[0629/130850.374:ERROR:leveldb_factory.cc(88)] Failed to open LevelDB database from E:\Ahmed All\Ahmed Programing\Clients\Amin Elgazy\Code\server\.wwebjs_auth\session\Default\IndexedDB\https_web.whatsapp.com_0.indexeddb.leveldb,IO error: E:\Ahmed All\Ahmed Programing\Clients\Amin Elgazy\Code\server\.wwebjs_auth\session\Default\IndexedDB\https_web.whatsapp.com_0.indexeddb.leveldb/LOCK: File currently in use. (ChromeMethodBFE: 15::LockFile::2)
[0629/130852.384:ERROR:leveldb_factory.cc(88)] Failed to open LevelDB database from E:\Ahmed All\Ahmed Programing\Clients\Amin Elgazy\Code\server\.wwebjs_auth\session\Default\IndexedDB\https_web.whatsapp.com_0.indexeddb.leveldb,IO error: E:\Ahmed All\Ahmed Programing\Clients\Amin Elgazy\Code\server\.wwebjs_auth\session\Default\IndexedDB\https_web.whatsapp.com_0.indexeddb.leveldb/LOCK: File currently in use. (ChromeMethodBFE: 15::LockFile::2)
[0629/130854.397:ERROR:leveldb_factory.cc(88)] Failed to open LevelDB database from E:\Ahmed All\Ahmed Programing\Clients\Amin Elgazy\Code\server\.wwebjs_auth\session\Default\IndexedDB\https_web.whatsapp.com_0.indexeddb.leveldb,IO error: E:\Ahmed All\Ahmed Programing\Clients\Amin Elgazy\Code\server\.wwebjs_auth\session\Default\IndexedDB\https_web.whatsapp.com_0.indexeddb.leveldb/LOCK: File currently in use. (ChromeMethodBFE: 15::LockFile::2)
[0629/130855.393:INFO:CONSOLE(133)] "Event handler of 'x-storagemutated-1' event must be added on the initial evaluation of worker script.", source: https://static.whatsapp.net/rsrc.php/v3/yE/r/hC-fuOJUExz.js?_nc_x=Ij3Wp8lg5Kz (133)
[0629/130856.421:ERROR:leveldb_factory.cc(88)] Failed to open LevelDB database from E:\Ahmed All\Ahmed Programing\Clients\Amin Elgazy\Code\server\.wwebjs_auth\session\Default\IndexedDB\https_web.whatsapp.com_0.indexeddb.leveldb,IO error: E:\Ahmed All\Ahmed Programing\Clients\Amin Elgazy\Code\server\.wwebjs_auth\session\Default\IndexedDB\https_web.whatsapp.com_0.indexeddb.leveldb/LOCK: File currently in use. (ChromeMethodBFE: 15::LockFile::2)
[0629/130858.440:ERROR:leveldb_factory.cc(88)] Failed to open LevelDB database from E:\Ahmed All\Ahmed Programing\Clients\Amin Elgazy\Code\server\.wwebjs_auth\session\Default\IndexedDB\https_web.whatsapp.com_0.indexeddb.leveldb,IO error: E:\Ahmed All\Ahmed Programing\Clients\Amin Elgazy\Code\server\.wwebjs_auth\session\Default\IndexedDB\https_web.whatsapp.com_0.indexeddb.leveldb/LOCK: File currently in use. (ChromeMethodBFE: 15::LockFile::2)
[0629/130900.454:ERROR:leveldb_factory.cc(88)] Failed to open LevelDB database from E:\Ahmed All\Ahmed Programing\Clients\Amin Elgazy\Code\server\.wwebjs_auth\session\Default\IndexedDB\https_web.whatsapp.com_0.indexeddb.leveldb,IO error: E:\Ahmed All\Ahmed Programing\Clients\Amin Elgazy\Code\server\.wwebjs_auth\session\Default\IndexedDB\https_web.whatsapp.com_0.indexeddb.leveldb/LOCK: File currently in use. (ChromeMethodBFE: 15::LockFile::2)
[0629/130902.477:ERROR:leveldb_factory.cc(88)] Failed to open LevelDB database from E:\Ahmed All\Ahmed Programing\Clients\Amin Elgazy\Code\server\.wwebjs_auth\session\Default\IndexedDB\https_web.whatsapp.com_0.indexeddb.leveldb,IO error: E:\Ahmed All\Ahmed Programing\Clients\Amin Elgazy\Code\server\.wwebjs_auth\session\Default\IndexedDB\https_web.whatsapp.com_0.indexeddb.leveldb/LOCK: File currently in use. (ChromeMethodBFE: 15::LockFile::2)
[0629/130904.490:ERROR:leveldb_factory.cc(88)] Failed to open LevelDB database from E:\Ahmed All\Ahmed Programing\Clients\Amin Elgazy\Code\server\.wwebjs_auth\session\Default\IndexedDB\https_web.whatsapp.com_0.indexeddb.leveldb,IO error: E:\Ahmed All\Ahmed Programing\Clients\Amin Elgazy\Code\server\.wwebjs_auth\session\Default\IndexedDB\https_web.whatsapp.com_0.indexeddb.leveldb/LOCK: File currently in use. (ChromeMethodBFE: 15::LockFile::2)
[0629/130906.502:ERROR:leveldb_factory.cc(88)] Failed to open LevelDB database from E:\Ahmed All\Ahmed Programing\Clients\Amin Elgazy\Code\server\.wwebjs_auth\session\Default\IndexedDB\https_web.whatsapp.com_0.indexeddb.leveldb,IO error: E:\Ahmed All\Ahmed Programing\Clients\Amin Elgazy\Code\server\.wwebjs_auth\session\Default\IndexedDB\https_web.whatsapp.com_0.indexeddb.leveldb/LOCK: File currently in use. (ChromeMethodBFE: 15::LockFile::2)
[0629/130908.532:ERROR:leveldb_factory.cc(88)] Failed to open LevelDB database from E:\Ahmed All\Ahmed Programing\Clients\Amin Elgazy\Code\server\.wwebjs_auth\session\Default\IndexedDB\https_web.whatsapp.com_0.indexeddb.leveldb,IO error: E:\Ahmed All\Ahmed Programing\Clients\Amin Elgazy\Code\server\.wwebjs_auth\session\Default\IndexedDB\https_web.whatsapp.com_0.indexeddb.leveldb/LOCK: File currently in use. (ChromeMethodBFE: 15::LockFile::2)
[0629/130910.589:ERROR:leveldb_factory.cc(88)] Failed to open LevelDB database from E:\Ahmed All\Ahmed Programing\Clients\Amin Elgazy\Code\server\.wwebjs_auth\session\Default\IndexedDB\https_web.whatsapp.com_0.indexeddb.leveldb,IO error: E:\Ahmed All\Ahmed Programing\Clients\Amin Elgazy\Code\server\.wwebjs_auth\session\Default\IndexedDB\https_web.whatsapp.com_0.indexeddb.leveldb/LOCK: File currently in use. (ChromeMethodBFE: 15::LockFile::2)
[0629/130912.601:ERROR:leveldb_factory.cc(88)] Failed to open LevelDB database from E:\Ahmed All\Ahmed Programing\Clients\Amin Elgazy\Code\server\.wwebjs_auth\session\Default\IndexedDB\https_web.whatsapp.com_0.indexeddb.leveldb,IO error: E:\Ahmed All\Ahmed Programing\Clients\Amin Elgazy\Code\server\.wwebjs_auth\session\Default\IndexedDB\https_web.whatsapp.com_0.indexeddb.leveldb/LOCK: File currently in use. (ChromeMethodBFE: 15::LockFile::2)
[0629/130914.621:ERROR:leveldb_factory.cc(88)] Failed to open LevelDB database from E:\Ahmed All\Ahmed Programing\Clients\Amin Elgazy\Code\server\.wwebjs_auth\session\Default\IndexedDB\https_web.whatsapp.com_0.indexeddb.leveldb,IO error: E:\Ahmed All\Ahmed Programing\Clients\Amin Elgazy\Code\server\.wwebjs_auth\session\Default\IndexedDB\https_web.whatsapp.com_0.indexeddb.leveldb/LOCK: File currently in use. (ChromeMethodBFE: 15::LockFile::2)
[0629/131256.914:INFO:CONSOLE(133)] "Event handler of 'x-storagemutated-1' event must be added on the initial evaluation of worker script.", source: https://static.whatsapp.net/rsrc.php/v3/yE/r/hC-fuOJUExz.js?_nc_x=Ij3Wp8lg5Kz (133)
[0629/131328.052:INFO:CONSOLE(133)] "Event handler of 'x-storagemutated-1' event must be added on the initial evaluation of worker script.", source: https://static.whatsapp.net/rsrc.php/v3/yE/r/hC-fuOJUExz.js?_nc_x=Ij3Wp8lg5Kz (133)
[0629/131412.254:INFO:CONSOLE(133)] "Event handler of 'x-storagemutated-1' event must be added on the initial evaluation of worker script.", source: https://static.whatsapp.net/rsrc.php/v3/yE/r/hC-fuOJUExz.js?_nc_x=Ij3Wp8lg5Kz (133)
[0629/131412.482:INFO:CONSOLE(365)] "Failed to parse video contentType: video/mp4; codecs=avc1.42000a", source: https://static.whatsapp.net/rsrc.php/v3iL1C4/yt/l/rt/W45n9CrGFse.js?_nc_x=Ij3Wp8lg5Kz (365)
[0629/131412.628:INFO:CONSOLE(365)] "Failed to parse video contentType: video/mp4; codecs=hev1.1.6.L93.B0", source: https://static.whatsapp.net/rsrc.php/v3iL1C4/yt/l/rt/W45n9CrGFse.js?_nc_x=Ij3Wp8lg5Kz (365)
[0629/131453.963:INFO:CONSOLE(133)] "Event handler of 'x-storagemutated-1' event must be added on the initial evaluation of worker script.", source: https://static.whatsapp.net/rsrc.php/v3/yE/r/hC-fuOJUExz.js?_nc_x=Ij3Wp8lg5Kz (133)
[0629/131609.356:INFO:CONSOLE(133)] "Event handler of 'x-storagemutated-1' event must be added on the initial evaluation of worker script.", source: https://static.whatsapp.net/rsrc.php/v3/yE/r/hC-fuOJUExz.js?_nc_x=Ij3Wp8lg5Kz (133)
[0629/131652.026:INFO:CONSOLE(133)] "Event handler of 'x-storagemutated-1' event must be added on the initial evaluation of worker script.", source: https://static.whatsapp.net/rsrc.php/v3/yE/r/hC-fuOJUExz.js?_nc_x=Ij3Wp8lg5Kz (133)
[0629/131728.078:INFO:CONSOLE(133)] "Event handler of 'x-storagemutated-1' event must be added on the initial evaluation of worker script.", source: https://static.whatsapp.net/rsrc.php/v3/yE/r/hC-fuOJUExz.js?_nc_x=Ij3Wp8lg5Kz (133)
[0629/131802.665:INFO:CONSOLE(133)] "Event handler of 'x-storagemutated-1' event must be added on the initial evaluation of worker script.", source: https://static.whatsapp.net/rsrc.php/v3/yE/r/hC-fuOJUExz.js?_nc_x=Ij3Wp8lg5Kz (133)
[0629/131855.540:INFO:CONSOLE(133)] "Event handler of 'x-storagemutated-1' event must be added on the initial evaluation of worker script.", source: https://static.whatsapp.net/rsrc.php/v3/yE/r/hC-fuOJUExz.js?_nc_x=Ij3Wp8lg5Kz (133)
[0629/132632.704:INFO:CONSOLE(133)] "Event handler of 'x-storagemutated-1' event must be added on the initial evaluation of worker script.", source: https://static.whatsapp.net/rsrc.php/v3/yE/r/hC-fuOJUExz.js?_nc_x=Ij3Wp8lg5Kz (133)
[0629/135831.880:INFO:CONSOLE(133)] "Event handler of 'x-storagemutated-1' event must be added on the initial evaluation of worker script.", source: https://static.whatsapp.net/rsrc.php/v3/yE/r/hC-fuOJUExz.js?_nc_x=Ij3Wp8lg5Kz (133)
[0629/141311.880:INFO:CONSOLE(133)] "Event handler of 'x-storagemutated-1' event must be added on the initial evaluation of worker script.", source: https://static.whatsapp.net/rsrc.php/v3/yE/r/hC-fuOJUExz.js?_nc_x=Ij3Wp8lg5Kz (133)
[0629/141759.780:INFO:CONSOLE(133)] "Event handler of 'x-storagemutated-1' event must be added on the initial evaluation of worker script.", source: https://static.whatsapp.net/rsrc.php/v3/yE/r/hC-fuOJUExz.js?_nc_x=Ij3Wp8lg5Kz (133)
[0629/144350.245:INFO:CONSOLE(133)] "Event handler of 'x-storagemutated-1' event must be added on the initial evaluation of worker script.", source: https://static.whatsapp.net/rsrc.php/v3/yE/r/hC-fuOJUExz.js?_nc_x=Ij3Wp8lg5Kz (133)
[0629/144945.753:INFO:CONSOLE(133)] "Event handler of 'x-storagemutated-1' event must be added on the initial evaluation of worker script.", source: https://static.whatsapp.net/rsrc.php/v3/yE/r/hC-fuOJUExz.js?_nc_x=Ij3Wp8lg5Kz (133)
[0629/145004.730:WARNING:dns_config_service_win.cc(509)] Failed to read DnsConfig.
[0629/145005.179:WARNING:dns_config_service_win.cc(509)] Failed to read DnsConfig.
[0629/145009.743:WARNING:dns_config_service_win.cc(509)] Failed to read DnsConfig.
[0629/145010.189:WARNING:dns_config_service_win.cc(509)] Failed to read DnsConfig.
[0629/145019.755:WARNING:dns_config_service_win.cc(509)] Failed to read DnsConfig.
[0629/145020.200:WARNING:dns_config_service_win.cc(509)] Failed to read DnsConfig.
